#
# A fatal error has been detected by the Java Runtime Environment:
#
#  EXCEPTION_ACCESS_VIOLATION (0xc0000005) at pc=0x0000000071925a42, pid=680, tid=0x0000000000000ab0
#
# JRE version: Java(TM) SE Runtime Environment (8.0_131-b11) (build 1.8.0_131-b11)
# Java VM: Java HotSpot(TM) 64-Bit Server VM (25.131-b11 mixed mode windows-amd64 compressed oops)
# Problematic frame:
# V  [jvm.dll+0x145a42]
#
# Failed to write core dump. Minidumps are not enabled by default on client versions of Windows
#
# If you would like to submit a bug report, please visit:
#   http://bugreport.java.com/bugreport/crash.jsp
#

---------------  T H R E A D  ---------------

Current thread (0x00000000022de000):  JavaThread "main" [_thread_in_vm, id=2736, stack(0x0000000002420000,0x0000000002520000)]

siginfo: ExceptionCode=0xc0000005, reading address 0x0000000000000000

Registers:
RAX=0x0000000000000000, RBX=0x00000000022de000, RCX=0x0000000000000e00, RDX=0x0000000000000000
RSP=0x000000000251f040, RBP=0x0000000000000000, RSI=0x0000000000000000, RDI=0x0000000000000000
R8 =0x0000000000000000, R9 =0x0000000000004b00, R10=0x0000000002737f48, R11=0x0000000071a0bd80
R12=0x0000000000000000, R13=0x0000000016ce8388, R14=0x000000000251f1f0, R15=0x00000000022de000
RIP=0x0000000071925a42, EFLAGS=0x0000000000010202

Top of Stack: (sp=0x000000000251f040)
0x000000000251f040:   0000000016ce8388 0000000000000000
0x000000000251f050:   000000000251f110 00000000719bbc17
0x000000000251f060:   00000000022de000 0000000000000000
0x000000000251f070:   00000000022de000 000000000251f0e0
0x000000000251f080:   0000000016ce8388 00000000022de000
0x000000000251f090:   00000000022de000 00000000022d76b0
0x000000000251f0a0:   0000000016ce8390 000000000251f1f0
0x000000000251f0b0:   0000000016b86118 000000006bd4172e
0x000000000251f0c0:   000000000251f130 0000000000000031
0x000000000251f0d0:   000000000000000e 0000000071925980
0x000000000251f0e0:   0000000016ce8390 00000000022de000
0x000000000251f0f0:   0000000016ce8390 00000000022de000
0x000000000251f100:   0000000000000031 0000000002737e06
0x000000000251f110:   00000000022dda00 00000000022de000
0x000000000251f120:   0000000016ce8390 0000000016ce8390
0x000000000251f130:   000000000251f1c0 0000000002737f74 

Instructions: (pc=0x0000000071925a42)
0x0000000071925a22:   89 5c 24 20 48 89 74 24 28 48 39 73 08 74 0a 48
0x0000000071925a32:   8d 4c 24 20 e8 f5 64 13 00 40 38 35 6e 79 6c 00
0x0000000071925a42:   48 8b 3f 48 63 05 50 d9 6a 00 74 1b 8b 0c 38 85
0x0000000071925a52:   c9 74 7c 8b c1 8b 0d 3b ad 65 00 48 d3 e0 48 03 


Register to memory mapping:

RAX=0x0000000000000000 is an unknown value
RBX=0x00000000022de000 is a thread
RCX=0x0000000000000e00 is an unknown value
RDX=0x0000000000000000 is an unknown value
RSP=0x000000000251f040 is pointing into the stack for thread: 0x00000000022de000
RBP=0x0000000000000000 is an unknown value
RSI=0x0000000000000000 is an unknown value
RDI=0x0000000000000000 is an unknown value
R8 =0x0000000000000000 is an unknown value
R9 =0x0000000000004b00 is an unknown value
R10=0x0000000002737f48 is at code_begin+840 in an Interpreter codelet
method entry point (kind = native)  [0x0000000002737c00, 0x0000000002738560]  2400 bytes
R11=0x0000000071a0bd80 is an unknown value
R12=0x0000000000000000 is an unknown value
R13=0x0000000016ce8388 is pointing into metadata
R14=0x000000000251f1f0 is pointing into the stack for thread: 0x00000000022de000
R15=0x00000000022de000 is a thread


Stack: [0x0000000002420000,0x0000000002520000],  sp=0x000000000251f040,  free space=1020k
Native frames: (J=compiled Java code, j=interpreted, Vv=VM code, C=native code)

Java frames: (J=compiled Java code, j=interpreted, Vv=VM code)
j  com.SerialPort.SerialPort.openPort(Ljava/lang/String;I)V+0
j  org.p2f1.controllers.MainWindowController.start()V+45
j  org.p2f1.p2f1.Main.main([Ljava/lang/String;)V+31
v  ~StubRoutines::call_stub

---------------  P R O C E S S  ---------------

Java Threads: ( => current thread )
  0x000000001976f800 JavaThread "AWT-EventQueue-0" [_thread_in_native, id=212, stack(0x000000001a1c0000,0x000000001a2c0000)]
  0x0000000019707000 JavaThread "AWT-Windows" daemon [_thread_in_native, id=2112, stack(0x000000001a0c0000,0x000000001a1c0000)]
  0x0000000019706800 JavaThread "AWT-Shutdown" [_thread_blocked, id=1116, stack(0x0000000019fc0000,0x000000001a0c0000)]
  0x0000000018ccf000 JavaThread "Java2D Disposer" daemon [_thread_blocked, id=4220, stack(0x0000000019ec0000,0x0000000019fc0000)]
  0x00000000189af800 JavaThread "Service Thread" daemon [_thread_blocked, id=5412, stack(0x00000000190e0000,0x00000000191e0000)]
  0x0000000018981000 JavaThread "C1 CompilerThread2" daemon [_thread_blocked, id=7308, stack(0x0000000018fe0000,0x00000000190e0000)]
  0x0000000018927800 JavaThread "C2 CompilerThread1" daemon [_thread_blocked, id=3228, stack(0x0000000018ee0000,0x0000000018fe0000)]
  0x0000000018925000 JavaThread "C2 CompilerThread0" daemon [_thread_blocked, id=1884, stack(0x0000000018de0000,0x0000000018ee0000)]
  0x00000000172c9800 JavaThread "Monitor Ctrl-Break" daemon [_thread_in_native, id=8412, stack(0x0000000018ce0000,0x0000000018de0000)]
  0x000000001727b800 JavaThread "Attach Listener" daemon [_thread_blocked, id=5324, stack(0x00000000187e0000,0x00000000188e0000)]
  0x000000001727a000 JavaThread "Signal Dispatcher" daemon [_thread_blocked, id=7368, stack(0x00000000186e0000,0x00000000187e0000)]
  0x000000001726a800 JavaThread "Finalizer" daemon [_thread_blocked, id=5868, stack(0x00000000184f0000,0x00000000185f0000)]
  0x0000000002710000 JavaThread "Reference Handler" daemon [_thread_blocked, id=5912, stack(0x00000000183f0000,0x00000000184f0000)]
=>0x00000000022de000 JavaThread "main" [_thread_in_vm, id=2736, stack(0x0000000002420000,0x0000000002520000)]

Other Threads:
  0x0000000017247800 VMThread [stack: 0x00000000182f0000,0x00000000183f0000] [id=1280]
  0x00000000189c6000 WatcherThread [stack: 0x00000000191e0000,0x00000000192e0000] [id=8740]

VM state:not at safepoint (normal execution)

VM Mutex/Monitor currently owned by a thread: None

Heap:
 PSYoungGen      total 38400K, used 12940K [0x00000000d5d00000, 0x00000000d8780000, 0x0000000100000000)
  eden space 33280K, 38% used [0x00000000d5d00000,0x00000000d69a31c0,0x00000000d7d80000)
  from space 5120K, 0% used [0x00000000d8280000,0x00000000d8280000,0x00000000d8780000)
  to   space 5120K, 0% used [0x00000000d7d80000,0x00000000d7d80000,0x00000000d8280000)
 ParOldGen       total 87552K, used 0K [0x0000000081600000, 0x0000000086b80000, 0x00000000d5d00000)
  object space 87552K, 0% used [0x0000000081600000,0x0000000081600000,0x0000000086b80000)
 Metaspace       used 11290K, capacity 11474K, committed 11648K, reserved 1058816K
  class space    used 1460K, capacity 1538K, committed 1664K, reserved 1048576K

Card table byte_map: [0x0000000011ae0000,0x0000000011ee0000] byte_map_base: 0x00000000116d5000

Marking Bits: (ParMarkBitMap*) 0x0000000071ffc720
 Begin Bits: [0x0000000012590000, 0x0000000014538000)
 End Bits:   [0x0000000014538000, 0x00000000164e0000)

Polling page: 0x0000000000680000

CodeCache: size=245760Kb used=2052Kb max_used=2052Kb free=243707Kb
 bounds [0x0000000002720000, 0x0000000002990000, 0x0000000011720000]
 total_blobs=925 nmethods=445 adapters=393
 compilation: enabled

Compilation events (10 events):
Event: 0.736 Thread 0x0000000018981000 nmethod 438 0x000000000291a850 code [0x000000000291a9a0, 0x000000000291aab0]
Event: 0.738 Thread 0x0000000018981000  439       3       java.util.ArrayList$Itr::next (66 bytes)
Event: 0.739 Thread 0x0000000018981000 nmethod 439 0x000000000291ad10 code [0x000000000291aec0, 0x000000000291b368]
Event: 0.739 Thread 0x0000000018981000  440       3       java.util.ArrayList$Itr::checkForComodification (23 bytes)
Event: 0.739 Thread 0x0000000018981000 nmethod 440 0x000000000291b5d0 code [0x000000000291b740, 0x000000000291b968]
Event: 0.747 Thread 0x0000000018981000  442       1       java.util.concurrent.locks.AbstractOwnableSynchronizer::getExclusiveOwnerThread (5 bytes)
Event: 0.747 Thread 0x0000000018981000 nmethod 442 0x000000000291c210 code [0x000000000291c360, 0x000000000291c470]
Event: 0.748 Thread 0x0000000018981000  443       1       java.util.concurrent.locks.AbstractQueuedSynchronizer::getState (5 bytes)
Event: 0.748 Thread 0x0000000018981000 nmethod 443 0x000000000291c4d0 code [0x000000000291c620, 0x000000000291c730]
Event: 0.748 Thread 0x0000000018981000  444       3       java.nio.Buffer::<init> (121 bytes)

GC Heap History (0 events):
No events

Deoptimization events (1 events):
Event: 0.432 Thread 0x00000000022de000 Uncommon trap: reason=null_check action=make_not_entrant pc=0x000000000289985c method=java.lang.String.equals(Ljava/lang/Object;)Z @ 8

Internal exceptions (10 events):
Event: 0.246 Thread 0x00000000022de000 Exception <a 'java/security/PrivilegedActionException'> (0x00000000d6045910) thrown at [C:\re\workspace\8-2-build-windows-amd64-cygwin\jdk8u131\8869\hotspot\src\share\vm\prims\jvm.cpp, line 1390]
Event: 0.246 Thread 0x00000000022de000 Exception <a 'java/security/PrivilegedActionException'> (0x00000000d6045b20) thrown at [C:\re\workspace\8-2-build-windows-amd64-cygwin\jdk8u131\8869\hotspot\src\share\vm\prims\jvm.cpp, line 1390]
Event: 0.247 Thread 0x00000000022de000 Exception <a 'java/security/PrivilegedActionException'> (0x00000000d6049a30) thrown at [C:\re\workspace\8-2-build-windows-amd64-cygwin\jdk8u131\8869\hotspot\src\share\vm\prims\jvm.cpp, line 1390]
Event: 0.247 Thread 0x00000000022de000 Exception <a 'java/security/PrivilegedActionException'> (0x00000000d6049c40) thrown at [C:\re\workspace\8-2-build-windows-amd64-cygwin\jdk8u131\8869\hotspot\src\share\vm\prims\jvm.cpp, line 1390]
Event: 0.253 Thread 0x00000000022de000 Exception <a 'java/io/FileNotFoundException'> (0x00000000d60521e8) thrown at [C:\re\workspace\8-2-build-windows-amd64-cygwin\jdk8u131\8869\hotspot\src\share\vm\prims\jni.cpp, line 709]
Event: 0.314 Thread 0x00000000022de000 Exception <a 'java/lang/NoSuchFieldError': method resolution failed> (0x00000000d617e018) thrown at [C:\re\workspace\8-2-build-windows-amd64-cygwin\jdk8u131\8869\hotspot\src\share\vm\prims\methodHandles.cpp, line 1146]
Event: 0.318 Thread 0x00000000022de000 Exception <a 'java/lang/NoSuchFieldError': method resolution failed> (0x00000000d618be90) thrown at [C:\re\workspace\8-2-build-windows-amd64-cygwin\jdk8u131\8869\hotspot\src\share\vm\prims\methodHandles.cpp, line 1146]
Event: 0.401 Thread 0x00000000022de000 Exception <a 'java/io/FileNotFoundException'> (0x00000000d6399a00) thrown at [C:\re\workspace\8-2-build-windows-amd64-cygwin\jdk8u131\8869\hotspot\src\share\vm\prims\jni.cpp, line 709]
Event: 0.432 Thread 0x00000000022de000 Implicit null exception at 0x000000000289969b to 0x000000000289984d
Event: 0.672 Thread 0x00000000022de000 Exception <a 'java/lang/NullPointerException'> (0x00000000d67d2c28) thrown at [C:\re\workspace\8-2-build-windows-amd64-cygwin\jdk8u131\8869\hotspot\src\share\vm\interpreter\linkResolver.cpp, line 1197]

Events (10 events):
Event: 0.739 loading class sun/awt/TimedWindowEvent
Event: 0.739 loading class sun/awt/TimedWindowEvent done
Event: 0.740 loading class java/awt/SequencedEvent
Event: 0.740 loading class java/awt/SequencedEvent done
Event: 0.740 loading class java/awt/SequencedEvent$1
Event: 0.740 loading class sun/awt/AWTAccessor$SequencedEventAccessor
Event: 0.740 loading class sun/awt/AWTAccessor$SequencedEventAccessor done
Event: 0.740 loading class java/awt/SequencedEvent$1 done
Event: 0.747 loading class sun/awt/event/IgnorePaintEvent
Event: 0.747 loading class sun/awt/event/IgnorePaintEvent done


Dynamic libraries:
0x00007ff76f5c0000 - 0x00007ff76f5f7000 	C:\Program Files\Java\jdk1.8.0_131\bin\java.exe
0x00007ffef3920000 - 0x00007ffef3afb000 	C:\WINDOWS\SYSTEM32\ntdll.dll
0x00007ffef1a40000 - 0x00007ffef1aee000 	C:\WINDOWS\System32\KERNEL32.DLL
0x00007ffef0870000 - 0x00007ffef0ab9000 	C:\WINDOWS\System32\KERNELBASE.dll
0x00007ffef1840000 - 0x00007ffef18e1000 	C:\WINDOWS\System32\ADVAPI32.dll
0x00007ffef1cb0000 - 0x00007ffef1d4d000 	C:\WINDOWS\System32\msvcrt.dll
0x00007ffef38c0000 - 0x00007ffef3919000 	C:\WINDOWS\System32\sechost.dll
0x00007ffef0e80000 - 0x00007ffef0fa5000 	C:\WINDOWS\System32\RPCRT4.dll
0x00007ffef1d50000 - 0x00007ffef1e9a000 	C:\WINDOWS\System32\USER32.dll
0x00007ffef06b0000 - 0x00007ffef06ce000 	C:\WINDOWS\System32\win32u.dll
0x00007ffef0fb0000 - 0x00007ffef0fd7000 	C:\WINDOWS\System32\GDI32.dll
0x00007ffef0ac0000 - 0x00007ffef0c49000 	C:\WINDOWS\System32\gdi32full.dll
0x00007ffef07d0000 - 0x00007ffef086a000 	C:\WINDOWS\System32\msvcp_win.dll
0x00007ffef06d0000 - 0x00007ffef07c6000 	C:\WINDOWS\System32\ucrtbase.dll
0x00007ffee3e80000 - 0x00007ffee40e7000 	C:\WINDOWS\WinSxS\amd64_microsoft.windows.common-controls_6595b64144ccf1df_6.0.15063.0_none_108e4f62dfe5d999\COMCTL32.dll
0x00007ffef1010000 - 0x00007ffef1309000 	C:\WINDOWS\System32\combase.dll
0x00007ffeefe40000 - 0x00007ffeefeaa000 	C:\WINDOWS\System32\bcryptPrimitives.dll
0x00007ffef0fe0000 - 0x00007ffef100d000 	C:\WINDOWS\System32\IMM32.DLL
0x0000000072080000 - 0x0000000072152000 	C:\Program Files\Java\jdk1.8.0_131\jre\bin\msvcr100.dll
0x00000000717e0000 - 0x000000007207c000 	C:\Program Files\Java\jdk1.8.0_131\jre\bin\server\jvm.dll
0x00007ffef1830000 - 0x00007ffef1838000 	C:\WINDOWS\System32\PSAPI.DLL
0x00007ffeec2b0000 - 0x00007ffeec2b9000 	C:\WINDOWS\SYSTEM32\WSOCK32.dll
0x00007ffeee170000 - 0x00007ffeee193000 	C:\WINDOWS\SYSTEM32\WINMM.dll
0x00007ffef15f0000 - 0x00007ffef165c000 	C:\WINDOWS\System32\WS2_32.dll
0x00007ffee0210000 - 0x00007ffee021a000 	C:\WINDOWS\SYSTEM32\VERSION.dll
0x00007ffeee110000 - 0x00007ffeee13b000 	C:\WINDOWS\SYSTEM32\WINMMBASE.dll
0x00007ffeefeb0000 - 0x00007ffeefef9000 	C:\WINDOWS\System32\cfgmgr32.dll
0x00000000717d0000 - 0x00000000717df000 	C:\Program Files\Java\jdk1.8.0_131\jre\bin\verify.dll
0x00000000717a0000 - 0x00000000717c9000 	C:\Program Files\Java\jdk1.8.0_131\jre\bin\java.dll
0x0000000071750000 - 0x0000000071773000 	C:\Program Files\Java\jdk1.8.0_131\jre\bin\instrument.dll
0x0000000071780000 - 0x0000000071796000 	C:\Program Files\Java\jdk1.8.0_131\jre\bin\zip.dll
0x00007ffef1ea0000 - 0x00007ffef32d7000 	C:\WINDOWS\System32\SHELL32.dll
0x00007ffef1370000 - 0x00007ffef141a000 	C:\WINDOWS\System32\shcore.dll
0x00007ffeeffb0000 - 0x00007ffef06a2000 	C:\WINDOWS\System32\windows.storage.dll
0x00007ffef1420000 - 0x00007ffef1471000 	C:\WINDOWS\System32\shlwapi.dll
0x00007ffeefde0000 - 0x00007ffeefdf1000 	C:\WINDOWS\System32\kernel.appcore.dll
0x00007ffeefd90000 - 0x00007ffeefddc000 	C:\WINDOWS\System32\powrprof.dll
0x00007ffeefe00000 - 0x00007ffeefe15000 	C:\WINDOWS\System32\profapi.dll
0x00007ffecdfd0000 - 0x00007ffecdfea000 	C:\Program Files (x86)\JetBrains\IntelliJ IDEA 2017.1\bin\breakgen64.dll
0x0000000071730000 - 0x000000007174a000 	C:\Program Files\Java\jdk1.8.0_131\jre\bin\net.dll
0x00007ffeef640000 - 0x00007ffeef69c000 	C:\WINDOWS\system32\mswsock.dll
0x0000000071590000 - 0x0000000071728000 	C:\Program Files\Java\jdk1.8.0_131\jre\bin\awt.dll
0x00007ffef1b50000 - 0x00007ffef1c0f000 	C:\WINDOWS\System32\OLEAUT32.dll
0x00007ffeee360000 - 0x00007ffeee3de000 	C:\WINDOWS\SYSTEM32\apphelp.dll
0x00007ffeee4f0000 - 0x00007ffeee585000 	C:\WINDOWS\system32\uxtheme.dll
0x00007ffef1480000 - 0x00007ffef15e6000 	C:\WINDOWS\System32\MSCTF.dll
0x00007ffeecd30000 - 0x00007ffeecd5a000 	C:\WINDOWS\system32\dwmapi.dll
0x00007ffef18f0000 - 0x00007ffef1a34000 	C:\WINDOWS\System32\ole32.dll
0x00007ffed6590000 - 0x00007ffed66b1000 	C:\WINDOWS\system32\opengl32.dll
0x00007ffed6560000 - 0x00007ffed658c000 	C:\WINDOWS\SYSTEM32\GLU32.dll
0x0000000071570000 - 0x0000000071581000 	C:\Program Files\Java\jdk1.8.0_131\jre\bin\nio.dll
0x000000006bd40000 - 0x000000006bd63000 	C:\Users\gabri\AppData\Local\Temp\SerialPort.dll
0x0000000071520000 - 0x0000000071567000 	C:\Program Files\Java\jdk1.8.0_131\jre\bin\fontmanager.dll
0x00000000714d0000 - 0x0000000071512000 	C:\Program Files\Java\jdk1.8.0_131\jre\bin\t2k.dll
0x00007ffef1c10000 - 0x00007ffef1cae000 	C:\WINDOWS\System32\clbcatq.dll
0x00007ffeeb900000 - 0x00007ffeebaac000 	C:\WINDOWS\SYSTEM32\WindowsCodecs.dll
0x00007ffed5c40000 - 0x00007ffed5c87000 	C:\WINDOWS\system32\dataexchange.dll
0x00007ffeed4e0000 - 0x00007ffeed7bf000 	C:\WINDOWS\system32\d3d11.dll
0x00007ffeedd20000 - 0x00007ffeede42000 	C:\WINDOWS\system32\dcomp.dll
0x00007ffeeec00000 - 0x00007ffeeeca4000 	C:\WINDOWS\system32\dxgi.dll
0x00007ffeee7a0000 - 0x00007ffeee910000 	C:\WINDOWS\system32\twinapi.appcore.dll
0x00007ffeefc60000 - 0x00007ffeefc85000 	C:\WINDOWS\system32\bcrypt.dll
0x00007ffee75a0000 - 0x00007ffee7622000 	C:\WINDOWS\System32\TextInputFramework.dll
0x00007ffeeb530000 - 0x00007ffeeb802000 	C:\WINDOWS\System32\CoreUIComponents.dll
0x00007ffeedc30000 - 0x00007ffeedd13000 	C:\WINDOWS\System32\CoreMessaging.dll
0x00007ffeec550000 - 0x00007ffeec565000 	C:\WINDOWS\SYSTEM32\usermgrcli.dll
0x00007ffeef090000 - 0x00007ffeef0c1000 	C:\WINDOWS\SYSTEM32\ntmarta.dll
0x00007ffee9e90000 - 0x00007ffee9fc9000 	C:\WINDOWS\SYSTEM32\wintypes.dll
0x00007ffeec060000 - 0x00007ffeec209000 	C:\WINDOWS\SYSTEM32\dbghelp.dll

VM Arguments:
jvm_args: -javaagent:C:\Program Files (x86)\JetBrains\IntelliJ IDEA 2017.1\lib\idea_rt.jar=50937:C:\Program Files (x86)\JetBrains\IntelliJ IDEA 2017.1\bin -Dfile.encoding=UTF-8 
java_command: org.p2f1.p2f1.Main
java_class_path (initial): C:\Users\gabri\git\Walkie-Textie\JavaCode\bin;C:\Program Files\Java\jdk1.8.0_131\jre\lib\charsets.jar;C:\Program Files\Java\jdk1.8.0_131\jre\lib\deploy.jar;C:\Program Files\Java\jdk1.8.0_131\jre\lib\ext\access-bridge-64.jar;C:\Program Files\Java\jdk1.8.0_131\jre\lib\ext\cldrdata.jar;C:\Program Files\Java\jdk1.8.0_131\jre\lib\ext\dnsns.jar;C:\Program Files\Java\jdk1.8.0_131\jre\lib\ext\jaccess.jar;C:\Program Files\Java\jdk1.8.0_131\jre\lib\ext\jfxrt.jar;C:\Program Files\Java\jdk1.8.0_131\jre\lib\ext\localedata.jar;C:\Program Files\Java\jdk1.8.0_131\jre\lib\ext\nashorn.jar;C:\Program Files\Java\jdk1.8.0_131\jre\lib\ext\sunec.jar;C:\Program Files\Java\jdk1.8.0_131\jre\lib\ext\sunjce_provider.jar;C:\Program Files\Java\jdk1.8.0_131\jre\lib\ext\sunmscapi.jar;C:\Program Files\Java\jdk1.8.0_131\jre\lib\ext\sunpkcs11.jar;C:\Program Files\Java\jdk1.8.0_131\jre\lib\ext\zipfs.jar;C:\Program Files\Java\jdk1.8.0_131\jre\lib\javaws.jar;C:\Program Files\Java\jdk1.8.0_131\jre\lib\jce.jar;C:\Program Files\Java\jdk1.8.0_131\jre\lib\jfr.jar;C:\Program Files\Java\jdk1.8.0_131\jre\lib\jfxswt.jar;C:\Program Files\Java\jdk1.8.0_131\jre\lib\jsse.jar;C:\Program Files\Java\jdk1.8.0_131\jre\lib\management-agent.jar;C:\Program Files\Java\jdk1.8.0_131\jre\lib\plugin.jar;C:\Program Files\Java\jdk1.8.0_131\jre\lib\resources.jar;C:\Program Files\Java\jdk1.8.0_131\jre\lib\rt.jar;C:\Users\gabri\git\Walkie-Textie\JavaCode\lib\SerialPort_1.7.jar;C:\Program Files (x86)\JetBrains\IntelliJ IDEA 2017.1\lib\idea_rt.jar
Launcher Type: SUN_STANDARD

Environment Variables:
PATH=C:\ProgramData\Oracle\Java\javapath;C:\WINDOWS\system32;C:\WINDOWS;C:\WINDOWS\System32\Wbem;C:\WINDOWS\System32\WindowsPowerShell\v1.0\;C:\Program Files\Git\cmd;C:\Program Files\OpenVPN\bin;C:\Program Files\PuTTY\;C:\Users\gabri\AppData\Local\Microsoft\WindowsApps;
USERNAME=gabri
OS=Windows_NT
PROCESSOR_IDENTIFIER=Intel64 Family 6 Model 61 Stepping 4, GenuineIntel



---------------  S Y S T E M  ---------------

OS: Windows 10.0 , 64 bit Build 15063 (10.0.15063.0)

CPU:total 4 (initial active 4) (2 cores per cpu, 2 threads per core) family 6 model 61 stepping 4, cmov, cx8, fxsr, mmx, sse, sse2, sse3, ssse3, sse4.1, sse4.2, popcnt, avx, avx2, aes, clmul, erms, 3dnowpref, lzcnt, ht, tsc, tscinvbit, bmi1, bmi2, adx

Memory: 4k page, physical 8291020k(4196552k free), swap 9601740k(4535560k free)

vm_info: Java HotSpot(TM) 64-Bit Server VM (25.131-b11) for windows-amd64 JRE (1.8.0_131-b11), built on Mar 15 2017 01:23:53 by "java_re" with MS VC++ 10.0 (VS2010)

time: Fri Apr 21 17:58:45 2017
elapsed time: 0 seconds (0d 0h 0m 0s)

