#
# A fatal error has been detected by the Java Runtime Environment:
#
#  EXCEPTION_ACCESS_VIOLATION (0xc0000005) at pc=0x0000000071925a42, pid=1988, tid=0x0000000000000360
#
# JRE version: Java(TM) SE Runtime Environment (8.0_131-b11) (build 1.8.0_131-b11)
# Java VM: Java HotSpot(TM) 64-Bit Server VM (25.131-b11 mixed mode windows-amd64 compressed oops)
# Problematic frame:
# V  [jvm.dll+0x145a42]
#
# Failed to write core dump. Minidumps are not enabled by default on client versions of Windows
#
# If you would like to submit a bug report, please visit:
#   http://bugreport.java.com/bugreport/crash.jsp
#

---------------  T H R E A D  ---------------

Current thread (0x0000000002d2e000):  JavaThread "main" [_thread_in_vm, id=864, stack(0x0000000002d30000,0x0000000002e30000)]

siginfo: ExceptionCode=0xc0000005, reading address 0x0000000000000000

Registers:
RAX=0x0000000000000000, RBX=0x0000000002d2e000, RCX=0x0000000000000e00, RDX=0x0000000000000000
RSP=0x0000000002e2eca0, RBP=0x0000000000000000, RSI=0x0000000000000000, RDI=0x0000000000000000
R8 =0x0000000000000000, R9 =0x0000000000004b00, R10=0x00000000030b7f48, R11=0x0000000071a0bd80
R12=0x0000000000000000, R13=0x00000000176683b8, R14=0x0000000002e2ee50, R15=0x0000000002d2e000
RIP=0x0000000071925a42, EFLAGS=0x0000000000010202

Top of Stack: (sp=0x0000000002e2eca0)
0x0000000002e2eca0:   00000000176683b8 0000000000000000
0x0000000002e2ecb0:   0000000002e2ed70 00000000719bbc17
0x0000000002e2ecc0:   0000000002d2e000 0000000000000000
0x0000000002e2ecd0:   0000000002d2e000 0000000002e2ed40
0x0000000002e2ece0:   00000000176683b8 0000000002d2e000
0x0000000002e2ecf0:   0000000002d2e000 0000000002d275c0
0x0000000002e2ed00:   00000000176683c0 0000000002e2ee50
0x0000000002e2ed10:   00000000174fff30 000000006bd4172e
0x0000000002e2ed20:   0000000002e2ed90 00000000030a835d
0x0000000002e2ed30:   000000000000000e 0000000071925980
0x0000000002e2ed40:   00000000176683c0 0000000002d2e000
0x0000000002e2ed50:   00000000176683c0 0000000002d2e000
0x0000000002e2ed60:   00000000030a835d 00000000030b7e06
0x0000000002e2ed70:   0000000002d2da00 0000000002d2e000
0x0000000002e2ed80:   00000000176683c0 00000000176683c0
0x0000000002e2ed90:   0000000002e2ee20 00000000030b7f74 

Instructions: (pc=0x0000000071925a42)
0x0000000071925a22:   89 5c 24 20 48 89 74 24 28 48 39 73 08 74 0a 48
0x0000000071925a32:   8d 4c 24 20 e8 f5 64 13 00 40 38 35 6e 79 6c 00
0x0000000071925a42:   48 8b 3f 48 63 05 50 d9 6a 00 74 1b 8b 0c 38 85
0x0000000071925a52:   c9 74 7c 8b c1 8b 0d 3b ad 65 00 48 d3 e0 48 03 


Register to memory mapping:

RAX=0x0000000000000000 is an unknown value
RBX=0x0000000002d2e000 is a thread
RCX=0x0000000000000e00 is an unknown value
RDX=0x0000000000000000 is an unknown value
RSP=0x0000000002e2eca0 is pointing into the stack for thread: 0x0000000002d2e000
RBP=0x0000000000000000 is an unknown value
RSI=0x0000000000000000 is an unknown value
RDI=0x0000000000000000 is an unknown value
R8 =0x0000000000000000 is an unknown value
R9 =0x0000000000004b00 is an unknown value
R10=0x00000000030b7f48 is at code_begin+840 in an Interpreter codelet
method entry point (kind = native)  [0x00000000030b7c00, 0x00000000030b8560]  2400 bytes
R11=0x0000000071a0bd80 is an unknown value
R12=0x0000000000000000 is an unknown value
R13=0x00000000176683b8 is pointing into metadata
R14=0x0000000002e2ee50 is pointing into the stack for thread: 0x0000000002d2e000
R15=0x0000000002d2e000 is a thread


Stack: [0x0000000002d30000,0x0000000002e30000],  sp=0x0000000002e2eca0,  free space=1019k
Native frames: (J=compiled Java code, j=interpreted, Vv=VM code, C=native code)

Java frames: (J=compiled Java code, j=interpreted, Vv=VM code)
j  com.SerialPort.SerialPort.openPort(Ljava/lang/String;I)V+0
j  org.p2f1.controllers.MainWindowController.restart()V+52
j  org.p2f1.controllers.MainWindowController.actionPerformed(Ljava/awt/event/ActionEvent;)V+196
j  javax.swing.JComboBox.fireActionEvent()V+126
j  javax.swing.JComboBox.contentsChanged(Ljavax/swing/event/ListDataEvent;)V+39
j  javax.swing.AbstractListModel.fireContentsChanged(Ljava/lang/Object;II)V+64
j  javax.swing.DefaultComboBoxModel.setSelectedItem(Ljava/lang/Object;)V+38
j  javax.swing.DefaultComboBoxModel.addElement(Ljava/lang/Object;)V+55
j  javax.swing.JComboBox.addItem(Ljava/lang/Object;)V+12
j  org.p2f1.views.MainWindowView.setBaudRateList([I)V+36
j  org.p2f1.controllers.MainWindowController.<init>(Lorg/p2f1/views/MainWindowView;Lorg/p2f1/models/MainWindowModel;)V+112
j  org.p2f1.p2f1.Main.main([Ljava/lang/String;)V+22
v  ~StubRoutines::call_stub

---------------  P R O C E S S  ---------------

Java Threads: ( => current thread )
  0x000000001a104000 JavaThread "AWT-EventQueue-0" [_thread_blocked, id=7760, stack(0x000000001b540000,0x000000001b640000)]
  0x000000001a092800 JavaThread "AWT-Windows" daemon [_thread_in_native, id=6836, stack(0x000000001aa30000,0x000000001ab30000)]
  0x000000001a091800 JavaThread "AWT-Shutdown" [_thread_blocked, id=4780, stack(0x000000001a930000,0x000000001aa30000)]
  0x000000001a08f000 JavaThread "Java2D Disposer" daemon [_thread_blocked, id=2692, stack(0x000000001a830000,0x000000001a930000)]
  0x000000001931d000 JavaThread "Service Thread" daemon [_thread_blocked, id=5484, stack(0x0000000019a50000,0x0000000019b50000)]
  0x0000000017c5d000 JavaThread "C1 CompilerThread2" daemon [_thread_blocked, id=3532, stack(0x0000000019950000,0x0000000019a50000)]
  0x00000000192a2800 JavaThread "C2 CompilerThread1" daemon [_thread_blocked, id=3388, stack(0x0000000019850000,0x0000000019950000)]
  0x000000001929f800 JavaThread "C2 CompilerThread0" daemon [_thread_blocked, id=2712, stack(0x0000000019750000,0x0000000019850000)]
  0x0000000017c4e800 JavaThread "Monitor Ctrl-Break" daemon [_thread_in_native, id=6764, stack(0x0000000019650000,0x0000000019750000)]
  0x0000000017bfc000 JavaThread "Attach Listener" daemon [_thread_blocked, id=8696, stack(0x0000000019150000,0x0000000019250000)]
  0x0000000017bfb000 JavaThread "Signal Dispatcher" daemon [_thread_blocked, id=5672, stack(0x0000000019050000,0x0000000019150000)]
  0x0000000003098800 JavaThread "Finalizer" daemon [_thread_blocked, id=9020, stack(0x0000000018e60000,0x0000000018f60000)]
  0x0000000003093000 JavaThread "Reference Handler" daemon [_thread_blocked, id=1100, stack(0x0000000018d60000,0x0000000018e60000)]
=>0x0000000002d2e000 JavaThread "main" [_thread_in_vm, id=864, stack(0x0000000002d30000,0x0000000002e30000)]

Other Threads:
  0x0000000017bc7000 VMThread [stack: 0x0000000018c60000,0x0000000018d60000] [id=8608]
  0x000000001933a800 WatcherThread [stack: 0x0000000019b50000,0x0000000019c50000] [id=8852]

VM state:not at safepoint (normal execution)

VM Mutex/Monitor currently owned by a thread: None

Heap:
 PSYoungGen      total 38400K, used 11444K [0x00000000d5d00000, 0x00000000d8780000, 0x0000000100000000)
  eden space 33280K, 34% used [0x00000000d5d00000,0x00000000d682d3e8,0x00000000d7d80000)
  from space 5120K, 0% used [0x00000000d8280000,0x00000000d8280000,0x00000000d8780000)
  to   space 5120K, 0% used [0x00000000d7d80000,0x00000000d7d80000,0x00000000d8280000)
 ParOldGen       total 87552K, used 0K [0x0000000081600000, 0x0000000086b80000, 0x00000000d5d00000)
  object space 87552K, 0% used [0x0000000081600000,0x0000000081600000,0x0000000086b80000)
 Metaspace       used 10309K, capacity 10506K, committed 10624K, reserved 1058816K
  class space    used 1331K, capacity 1408K, committed 1408K, reserved 1048576K

Card table byte_map: [0x0000000012460000,0x0000000012860000] byte_map_base: 0x0000000012055000

Marking Bits: (ParMarkBitMap*) 0x0000000071ffc720
 Begin Bits: [0x0000000012f10000, 0x0000000014eb8000)
 End Bits:   [0x0000000014eb8000, 0x0000000016e60000)

Polling page: 0x00000000013a0000

CodeCache: size=245760Kb used=1892Kb max_used=1892Kb free=243867Kb
 bounds [0x00000000030a0000, 0x0000000003310000, 0x00000000120a0000]
 total_blobs=824 nmethods=399 adapters=338
 compilation: enabled

Compilation events (10 events):
Event: 0.593 Thread 0x0000000017c5d000  396       3       java.nio.Buffer::flip (20 bytes)
Event: 0.593 Thread 0x0000000017c5d000 nmethod 396 0x0000000003277c50 code [0x0000000003277da0, 0x0000000003277f10]
Event: 0.593 Thread 0x0000000017c5d000  395       1       sun.nio.ch.NativeThread::current (2 bytes)
Event: 0.593 Thread 0x0000000017c5d000 nmethod 395 0x0000000003277f90 code [0x00000000032780e0, 0x00000000032781d0]
Event: 0.593 Thread 0x0000000017c5d000  397       3       java.nio.channels.spi.AbstractInterruptibleChannel::blockedOn (13 bytes)
Event: 0.594 Thread 0x0000000017c5d000 nmethod 397 0x0000000003278210 code [0x00000000032783a0, 0x0000000003278890]
Event: 0.594 Thread 0x0000000017c5d000  398       3       java.lang.System$2::blockedOn (6 bytes)
Event: 0.594 Thread 0x0000000017c5d000 nmethod 398 0x0000000003278a90 code [0x0000000003278c00, 0x0000000003278ff0]
Event: 0.594 Thread 0x0000000017c5d000  399   !   3       java.lang.Thread::blockedOn (23 bytes)
Event: 0.594 Thread 0x0000000017c5d000 nmethod 399 0x0000000003279150 code [0x00000000032792c0, 0x00000000032795d0]

GC Heap History (0 events):
No events

Deoptimization events (1 events):
Event: 0.382 Thread 0x0000000002d2e000 Uncommon trap: reason=null_check action=make_not_entrant pc=0x000000000321da5c method=java.lang.String.equals(Ljava/lang/Object;)Z @ 8

Internal exceptions (10 events):
Event: 0.096 Thread 0x0000000002d2e000 Exception <a 'java/lang/NoSuchMethodError': Method sun.misc.Unsafe.prefetchRead(Ljava/lang/Object;J)V name or signature does not match> (0x00000000d5d07f90) thrown at [C:\re\workspace\8-2-build-windows-amd64-cygwin\jdk8u131\8869\hotspot\src\share\vm\prims
Event: 0.233 Thread 0x0000000002d2e000 Exception <a 'java/security/PrivilegedActionException'> (0x00000000d6045928) thrown at [C:\re\workspace\8-2-build-windows-amd64-cygwin\jdk8u131\8869\hotspot\src\share\vm\prims\jvm.cpp, line 1390]
Event: 0.233 Thread 0x0000000002d2e000 Exception <a 'java/security/PrivilegedActionException'> (0x00000000d6045b38) thrown at [C:\re\workspace\8-2-build-windows-amd64-cygwin\jdk8u131\8869\hotspot\src\share\vm\prims\jvm.cpp, line 1390]
Event: 0.234 Thread 0x0000000002d2e000 Exception <a 'java/security/PrivilegedActionException'> (0x00000000d6049a48) thrown at [C:\re\workspace\8-2-build-windows-amd64-cygwin\jdk8u131\8869\hotspot\src\share\vm\prims\jvm.cpp, line 1390]
Event: 0.234 Thread 0x0000000002d2e000 Exception <a 'java/security/PrivilegedActionException'> (0x00000000d6049c58) thrown at [C:\re\workspace\8-2-build-windows-amd64-cygwin\jdk8u131\8869\hotspot\src\share\vm\prims\jvm.cpp, line 1390]
Event: 0.238 Thread 0x0000000002d2e000 Exception <a 'java/io/FileNotFoundException'> (0x00000000d6052200) thrown at [C:\re\workspace\8-2-build-windows-amd64-cygwin\jdk8u131\8869\hotspot\src\share\vm\prims\jni.cpp, line 709]
Event: 0.284 Thread 0x0000000002d2e000 Exception <a 'java/lang/NoSuchFieldError': method resolution failed> (0x00000000d617e030) thrown at [C:\re\workspace\8-2-build-windows-amd64-cygwin\jdk8u131\8869\hotspot\src\share\vm\prims\methodHandles.cpp, line 1146]
Event: 0.287 Thread 0x0000000002d2e000 Exception <a 'java/lang/NoSuchFieldError': method resolution failed> (0x00000000d618bea8) thrown at [C:\re\workspace\8-2-build-windows-amd64-cygwin\jdk8u131\8869\hotspot\src\share\vm\prims\methodHandles.cpp, line 1146]
Event: 0.359 Thread 0x0000000002d2e000 Exception <a 'java/io/FileNotFoundException'> (0x00000000d6399a20) thrown at [C:\re\workspace\8-2-build-windows-amd64-cygwin\jdk8u131\8869\hotspot\src\share\vm\prims\jni.cpp, line 709]
Event: 0.382 Thread 0x0000000002d2e000 Implicit null exception at 0x000000000321d89b to 0x000000000321da4d

Events (10 events):
Event: 0.589 loading class sun/font/CMap$NullCMapClass
Event: 0.589 loading class sun/font/CMap$NullCMapClass done
Event: 0.589 loading class sun/font/CMap$CMapFormat4
Event: 0.589 loading class sun/font/CMap$CMapFormat4 done
Event: 0.589 loading class java/nio/ByteBufferAsCharBufferB
Event: 0.589 loading class java/nio/ByteBufferAsCharBufferB done
Event: 0.592 loading class sun/font/FontDesignMetrics$KeyReference
Event: 0.592 loading class sun/font/FontDesignMetrics$KeyReference done
Event: 0.592 loading class sun/font/CompositeGlyphMapper
Event: 0.592 loading class sun/font/CompositeGlyphMapper done


Dynamic libraries:
0x00007ff76f5c0000 - 0x00007ff76f5f7000 	C:\Program Files\Java\jdk1.8.0_131\bin\java.exe
0x00007ffef3920000 - 0x00007ffef3afb000 	C:\WINDOWS\SYSTEM32\ntdll.dll
0x00007ffef1a40000 - 0x00007ffef1aee000 	C:\WINDOWS\System32\KERNEL32.DLL
0x00007ffef0870000 - 0x00007ffef0ab9000 	C:\WINDOWS\System32\KERNELBASE.dll
0x00007ffef1840000 - 0x00007ffef18e1000 	C:\WINDOWS\System32\ADVAPI32.dll
0x00007ffef1cb0000 - 0x00007ffef1d4d000 	C:\WINDOWS\System32\msvcrt.dll
0x00007ffef38c0000 - 0x00007ffef3919000 	C:\WINDOWS\System32\sechost.dll
0x00007ffef0e80000 - 0x00007ffef0fa5000 	C:\WINDOWS\System32\RPCRT4.dll
0x00007ffef1d50000 - 0x00007ffef1e9a000 	C:\WINDOWS\System32\USER32.dll
0x00007ffef06b0000 - 0x00007ffef06ce000 	C:\WINDOWS\System32\win32u.dll
0x00007ffef0fb0000 - 0x00007ffef0fd7000 	C:\WINDOWS\System32\GDI32.dll
0x00007ffef0ac0000 - 0x00007ffef0c49000 	C:\WINDOWS\System32\gdi32full.dll
0x00007ffef07d0000 - 0x00007ffef086a000 	C:\WINDOWS\System32\msvcp_win.dll
0x00007ffef06d0000 - 0x00007ffef07c6000 	C:\WINDOWS\System32\ucrtbase.dll
0x00007ffee3e80000 - 0x00007ffee40e7000 	C:\WINDOWS\WinSxS\amd64_microsoft.windows.common-controls_6595b64144ccf1df_6.0.15063.0_none_108e4f62dfe5d999\COMCTL32.dll
0x00007ffef1010000 - 0x00007ffef1309000 	C:\WINDOWS\System32\combase.dll
0x00007ffeefe40000 - 0x00007ffeefeaa000 	C:\WINDOWS\System32\bcryptPrimitives.dll
0x00007ffef0fe0000 - 0x00007ffef100d000 	C:\WINDOWS\System32\IMM32.DLL
0x0000000072080000 - 0x0000000072152000 	C:\Program Files\Java\jdk1.8.0_131\jre\bin\msvcr100.dll
0x00000000717e0000 - 0x000000007207c000 	C:\Program Files\Java\jdk1.8.0_131\jre\bin\server\jvm.dll
0x00007ffef1830000 - 0x00007ffef1838000 	C:\WINDOWS\System32\PSAPI.DLL
0x00007ffeec2b0000 - 0x00007ffeec2b9000 	C:\WINDOWS\SYSTEM32\WSOCK32.dll
0x00007ffef15f0000 - 0x00007ffef165c000 	C:\WINDOWS\System32\WS2_32.dll
0x00007ffeee170000 - 0x00007ffeee193000 	C:\WINDOWS\SYSTEM32\WINMM.dll
0x00007ffee0210000 - 0x00007ffee021a000 	C:\WINDOWS\SYSTEM32\VERSION.dll
0x00007ffeee110000 - 0x00007ffeee13b000 	C:\WINDOWS\SYSTEM32\winmmbase.dll
0x00007ffeefeb0000 - 0x00007ffeefef9000 	C:\WINDOWS\System32\cfgmgr32.dll
0x00000000717d0000 - 0x00000000717df000 	C:\Program Files\Java\jdk1.8.0_131\jre\bin\verify.dll
0x00000000717a0000 - 0x00000000717c9000 	C:\Program Files\Java\jdk1.8.0_131\jre\bin\java.dll
0x0000000071750000 - 0x0000000071773000 	C:\Program Files\Java\jdk1.8.0_131\jre\bin\instrument.dll
0x0000000071780000 - 0x0000000071796000 	C:\Program Files\Java\jdk1.8.0_131\jre\bin\zip.dll
0x00007ffef1ea0000 - 0x00007ffef32d7000 	C:\WINDOWS\System32\SHELL32.dll
0x00007ffef1370000 - 0x00007ffef141a000 	C:\WINDOWS\System32\shcore.dll
0x00007ffeeffb0000 - 0x00007ffef06a2000 	C:\WINDOWS\System32\windows.storage.dll
0x00007ffef1420000 - 0x00007ffef1471000 	C:\WINDOWS\System32\shlwapi.dll
0x00007ffeefde0000 - 0x00007ffeefdf1000 	C:\WINDOWS\System32\kernel.appcore.dll
0x00007ffeefd90000 - 0x00007ffeefddc000 	C:\WINDOWS\System32\powrprof.dll
0x00007ffeefe00000 - 0x00007ffeefe15000 	C:\WINDOWS\System32\profapi.dll
0x00007ffecdfd0000 - 0x00007ffecdfea000 	C:\Program Files (x86)\JetBrains\IntelliJ IDEA 2017.1\bin\breakgen64.dll
0x0000000071730000 - 0x000000007174a000 	C:\Program Files\Java\jdk1.8.0_131\jre\bin\net.dll
0x00007ffeef640000 - 0x00007ffeef69c000 	C:\WINDOWS\system32\mswsock.dll
0x0000000071590000 - 0x0000000071728000 	C:\Program Files\Java\jdk1.8.0_131\jre\bin\awt.dll
0x00007ffef1b50000 - 0x00007ffef1c0f000 	C:\WINDOWS\System32\OLEAUT32.dll
0x00007ffeee360000 - 0x00007ffeee3de000 	C:\WINDOWS\SYSTEM32\apphelp.dll
0x00007ffeee4f0000 - 0x00007ffeee585000 	C:\WINDOWS\system32\uxtheme.dll
0x00007ffef1480000 - 0x00007ffef15e6000 	C:\WINDOWS\System32\MSCTF.dll
0x00007ffeecd30000 - 0x00007ffeecd5a000 	C:\WINDOWS\system32\dwmapi.dll
0x00007ffef18f0000 - 0x00007ffef1a34000 	C:\WINDOWS\System32\ole32.dll
0x00007ffed6590000 - 0x00007ffed66b1000 	C:\WINDOWS\system32\opengl32.dll
0x00007ffed6560000 - 0x00007ffed658c000 	C:\WINDOWS\SYSTEM32\GLU32.dll
0x0000000071570000 - 0x0000000071581000 	C:\Program Files\Java\jdk1.8.0_131\jre\bin\nio.dll
0x000000006bd40000 - 0x000000006bd63000 	C:\Users\gabri\AppData\Local\Temp\SerialPort.dll
0x0000000071520000 - 0x0000000071567000 	C:\Program Files\Java\jdk1.8.0_131\jre\bin\fontmanager.dll
0x00000000714d0000 - 0x0000000071512000 	C:\Program Files\Java\jdk1.8.0_131\jre\bin\t2k.dll
0x00007ffeec060000 - 0x00007ffeec209000 	C:\WINDOWS\SYSTEM32\dbghelp.dll

VM Arguments:
jvm_args: -javaagent:C:\Program Files (x86)\JetBrains\IntelliJ IDEA 2017.1\lib\idea_rt.jar=50923:C:\Program Files (x86)\JetBrains\IntelliJ IDEA 2017.1\bin -Dfile.encoding=UTF-8 
java_command: org.p2f1.p2f1.Main
java_class_path (initial): C:\Users\gabri\git\Walkie-Textie\JavaCode\bin;C:\Program Files\Java\jdk1.8.0_131\jre\lib\charsets.jar;C:\Program Files\Java\jdk1.8.0_131\jre\lib\deploy.jar;C:\Program Files\Java\jdk1.8.0_131\jre\lib\ext\access-bridge-64.jar;C:\Program Files\Java\jdk1.8.0_131\jre\lib\ext\cldrdata.jar;C:\Program Files\Java\jdk1.8.0_131\jre\lib\ext\dnsns.jar;C:\Program Files\Java\jdk1.8.0_131\jre\lib\ext\jaccess.jar;C:\Program Files\Java\jdk1.8.0_131\jre\lib\ext\jfxrt.jar;C:\Program Files\Java\jdk1.8.0_131\jre\lib\ext\localedata.jar;C:\Program Files\Java\jdk1.8.0_131\jre\lib\ext\nashorn.jar;C:\Program Files\Java\jdk1.8.0_131\jre\lib\ext\sunec.jar;C:\Program Files\Java\jdk1.8.0_131\jre\lib\ext\sunjce_provider.jar;C:\Program Files\Java\jdk1.8.0_131\jre\lib\ext\sunmscapi.jar;C:\Program Files\Java\jdk1.8.0_131\jre\lib\ext\sunpkcs11.jar;C:\Program Files\Java\jdk1.8.0_131\jre\lib\ext\zipfs.jar;C:\Program Files\Java\jdk1.8.0_131\jre\lib\javaws.jar;C:\Program Files\Java\jdk1.8.0_131\jre\lib\jce.jar;C:\Program Files\Java\jdk1.8.0_131\jre\lib\jfr.jar;C:\Program Files\Java\jdk1.8.0_131\jre\lib\jfxswt.jar;C:\Program Files\Java\jdk1.8.0_131\jre\lib\jsse.jar;C:\Program Files\Java\jdk1.8.0_131\jre\lib\management-agent.jar;C:\Program Files\Java\jdk1.8.0_131\jre\lib\plugin.jar;C:\Program Files\Java\jdk1.8.0_131\jre\lib\resources.jar;C:\Program Files\Java\jdk1.8.0_131\jre\lib\rt.jar;C:\Users\gabri\git\Walkie-Textie\JavaCode\lib\SerialPort_1.7.jar;C:\Program Files (x86)\JetBrains\IntelliJ IDEA 2017.1\lib\idea_rt.jar
Launcher Type: SUN_STANDARD

Environment Variables:
PATH=C:\ProgramData\Oracle\Java\javapath;C:\WINDOWS\system32;C:\WINDOWS;C:\WINDOWS\System32\Wbem;C:\WINDOWS\System32\WindowsPowerShell\v1.0\;C:\Program Files\Git\cmd;C:\Program Files\OpenVPN\bin;C:\Program Files\PuTTY\;C:\Users\gabri\AppData\Local\Microsoft\WindowsApps;
USERNAME=gabri
OS=Windows_NT
PROCESSOR_IDENTIFIER=Intel64 Family 6 Model 61 Stepping 4, GenuineIntel



---------------  S Y S T E M  ---------------

OS: Windows 10.0 , 64 bit Build 15063 (10.0.15063.0)

CPU:total 4 (initial active 4) (2 cores per cpu, 2 threads per core) family 6 model 61 stepping 4, cmov, cx8, fxsr, mmx, sse, sse2, sse3, ssse3, sse4.1, sse4.2, popcnt, avx, avx2, aes, clmul, erms, 3dnowpref, lzcnt, ht, tsc, tscinvbit, bmi1, bmi2, adx

Memory: 4k page, physical 8291020k(4167504k free), swap 9601740k(4554256k free)

vm_info: Java HotSpot(TM) 64-Bit Server VM (25.131-b11) for windows-amd64 JRE (1.8.0_131-b11), built on Mar 15 2017 01:23:53 by "java_re" with MS VC++ 10.0 (VS2010)

time: Fri Apr 21 17:57:36 2017
elapsed time: 0 seconds (0d 0h 0m 0s)

