#
# A fatal error has been detected by the Java Runtime Environment:
#
#  EXCEPTION_ACCESS_VIOLATION (0xc0000005) at pc=0x0000000058e75a42, pid=1428, tid=0x0000000000000ddc
#
# JRE version: Java(TM) SE Runtime Environment (8.0_131-b11) (build 1.8.0_131-b11)
# Java VM: Java HotSpot(TM) 64-Bit Server VM (25.131-b11 mixed mode windows-amd64 compressed oops)
# Problematic frame:
# V  [jvm.dll+0x145a42]
#
# Failed to write core dump. Minidumps are not enabled by default on client versions of Windows
#
# If you would like to submit a bug report, please visit:
#   http://bugreport.java.com/bugreport/crash.jsp
#

---------------  T H R E A D  ---------------

Current thread (0x00000000024de000):  JavaThread "main" [_thread_in_vm, id=3548, stack(0x00000000024e0000,0x00000000025e0000)]

siginfo: ExceptionCode=0xc0000005, reading address 0x0000000000000000

Registers:
RAX=0x0000000000000000, RBX=0x00000000024de000, RCX=0x0000000000000e00, RDX=0x0000000000000000
RSP=0x00000000025df510, RBP=0x0000000000000000, RSI=0x0000000000000000, RDI=0x0000000000000000
R8 =0x0000000000000000, R9 =0x0000000000004b00, R10=0x00000000028c7f48, R11=0x0000000058f5bd80
R12=0x0000000000000000, R13=0x0000000016e78438, R14=0x00000000025df6c0, R15=0x00000000024de000
RIP=0x0000000058e75a42, EFLAGS=0x0000000000010202

Top of Stack: (sp=0x00000000025df510)
0x00000000025df510:   0000000016e78438 0000000000000000
0x00000000025df520:   00000000025df5e0 0000000058f0bc17
0x00000000025df530:   00000000024de000 0000000000000000
0x00000000025df540:   00000000024de000 00000000025df5b0
0x00000000025df550:   0000000016e78438 00000000024de000
0x00000000025df560:   00000000024de000 00000000024d79b0
0x00000000025df570:   0000000016e78440 00000000025df6c0
0x00000000025df580:   0000000011865000 000000006bd4172e
0x00000000025df590:   00000000025df600 0000000000000068
0x00000000025df5a0:   000000000000000e 0000000058e75980
0x00000000025df5b0:   0000000016e78440 00000000024de000
0x00000000025df5c0:   0000000016e78440 00000000024de000
0x00000000025df5d0:   0000000000000068 00000000028c7e06
0x00000000025df5e0:   00000000024dda00 00000000024de000
0x00000000025df5f0:   0000000016e78440 0000000016e78440
0x00000000025df600:   00000000025df690 00000000028c7f74 

Instructions: (pc=0x0000000058e75a42)
0x0000000058e75a22:   89 5c 24 20 48 89 74 24 28 48 39 73 08 74 0a 48
0x0000000058e75a32:   8d 4c 24 20 e8 f5 64 13 00 40 38 35 6e 79 6c 00
0x0000000058e75a42:   48 8b 3f 48 63 05 50 d9 6a 00 74 1b 8b 0c 38 85
0x0000000058e75a52:   c9 74 7c 8b c1 8b 0d 3b ad 65 00 48 d3 e0 48 03 


Register to memory mapping:

RAX=0x0000000000000000 is an unknown value
RBX=0x00000000024de000 is a thread
RCX=0x0000000000000e00 is an unknown value
RDX=0x0000000000000000 is an unknown value
RSP=0x00000000025df510 is pointing into the stack for thread: 0x00000000024de000
RBP=0x0000000000000000 is an unknown value
RSI=0x0000000000000000 is an unknown value
RDI=0x0000000000000000 is an unknown value
R8 =0x0000000000000000 is an unknown value
R9 =0x0000000000004b00 is an unknown value
R10=0x00000000028c7f48 is at code_begin+840 in an Interpreter codelet
method entry point (kind = native)  [0x00000000028c7c00, 0x00000000028c8560]  2400 bytes
R11=0x0000000058f5bd80 is an unknown value
R12=0x0000000000000000 is an unknown value
R13=0x0000000016e78438 is pointing into metadata
R14=0x00000000025df6c0 is pointing into the stack for thread: 0x00000000024de000
R15=0x00000000024de000 is a thread


Stack: [0x00000000024e0000,0x00000000025e0000],  sp=0x00000000025df510,  free space=1021k
Native frames: (J=compiled Java code, j=interpreted, Vv=VM code, C=native code)

Java frames: (J=compiled Java code, j=interpreted, Vv=VM code)
j  com.SerialPort.SerialPort.openPort(Ljava/lang/String;I)V+0
j  org.p2f1.controllers.MainWindowController.start()V+14
j  org.p2f1.p2f1.Main.main([Ljava/lang/String;)V+31
v  ~StubRoutines::call_stub

---------------  P R O C E S S  ---------------

Java Threads: ( => current thread )
  0x000000001990e000 JavaThread "AWT-EventQueue-0" [_thread_blocked, id=3988, stack(0x000000001ac90000,0x000000001ad90000)]
  0x000000001989d800 JavaThread "AWT-Windows" daemon [_thread_blocked, id=6372, stack(0x000000001a240000,0x000000001a340000)]
  0x000000001989d000 JavaThread "AWT-Shutdown" [_thread_blocked, id=852, stack(0x000000001a140000,0x000000001a240000)]
  0x000000001989a800 JavaThread "Java2D Disposer" daemon [_thread_blocked, id=3028, stack(0x000000001a040000,0x000000001a140000)]
  0x0000000018b2d800 JavaThread "Service Thread" daemon [_thread_blocked, id=7668, stack(0x0000000019260000,0x0000000019360000)]
  0x000000001746d800 JavaThread "C1 CompilerThread2" daemon [_thread_blocked, id=5772, stack(0x0000000019160000,0x0000000019260000)]
  0x0000000017469800 JavaThread "C2 CompilerThread1" daemon [_thread_blocked, id=10608, stack(0x0000000019060000,0x0000000019160000)]
  0x0000000017465800 JavaThread "C2 CompilerThread0" daemon [_thread_blocked, id=7188, stack(0x0000000018f60000,0x0000000019060000)]
  0x0000000018aa2800 JavaThread "Monitor Ctrl-Break" daemon [_thread_in_native, id=6300, stack(0x0000000018e60000,0x0000000018f60000)]
  0x000000001740c800 JavaThread "Attach Listener" daemon [_thread_blocked, id=9568, stack(0x0000000018960000,0x0000000018a60000)]
  0x000000001740b000 JavaThread "Signal Dispatcher" daemon [_thread_blocked, id=2612, stack(0x0000000018860000,0x0000000018960000)]
  0x00000000028ac000 JavaThread "Finalizer" daemon [_thread_blocked, id=5196, stack(0x0000000018670000,0x0000000018770000)]
  0x00000000028a1000 JavaThread "Reference Handler" daemon [_thread_blocked, id=5548, stack(0x0000000018570000,0x0000000018670000)]
=>0x00000000024de000 JavaThread "main" [_thread_in_vm, id=3548, stack(0x00000000024e0000,0x00000000025e0000)]

Other Threads:
  0x00000000173d7800 VMThread [stack: 0x0000000018470000,0x0000000018570000] [id=5508]
  0x0000000018b3a800 WatcherThread [stack: 0x0000000019360000,0x0000000019460000] [id=2364]

VM state:synchronizing (normal execution)

VM Mutex/Monitor currently owned by a thread:  ([mutex/lock_event])
[0x00000000024dd380] Threads_lock - owner thread: 0x00000000173d7800
[0x00000000027b1450] Compile_lock - owner thread: 0x000000001990e000

Heap:
 PSYoungGen      total 38400K, used 12115K [0x00000000d5d00000, 0x00000000d8780000, 0x0000000100000000)
  eden space 33280K, 36% used [0x00000000d5d00000,0x00000000d68d4e50,0x00000000d7d80000)
  from space 5120K, 0% used [0x00000000d8280000,0x00000000d8280000,0x00000000d8780000)
  to   space 5120K, 0% used [0x00000000d7d80000,0x00000000d7d80000,0x00000000d8280000)
 ParOldGen       total 87552K, used 0K [0x0000000081600000, 0x0000000086b80000, 0x00000000d5d00000)
  object space 87552K, 0% used [0x0000000081600000,0x0000000081600000,0x0000000086b80000)
 Metaspace       used 11144K, capacity 11350K, committed 11648K, reserved 1058816K
  class space    used 1448K, capacity 1538K, committed 1664K, reserved 1048576K

Card table byte_map: [0x0000000011c70000,0x0000000012070000] byte_map_base: 0x0000000011865000

Marking Bits: (ParMarkBitMap*) 0x000000005954c720
 Begin Bits: [0x0000000012720000, 0x00000000146c8000)
 End Bits:   [0x00000000146c8000, 0x0000000016670000)

Polling page: 0x0000000000aa0000

CodeCache: size=245760Kb used=2049Kb max_used=2049Kb free=243710Kb
 bounds [0x00000000028b0000, 0x0000000002b20000, 0x00000000118b0000]
 total_blobs=942 nmethods=478 adapters=377
 compilation: enabled

Compilation events (10 events):
Event: 0.632 Thread 0x000000001746d800  474       1       java.awt.AWTEvent::getID (5 bytes)
Event: 0.632 Thread 0x000000001746d800 nmethod 474 0x0000000002aaef50 code [0x0000000002aaf0a0, 0x0000000002aaf1b0]
Event: 0.633 Thread 0x000000001746d800  475       3       java.util.ArrayList$Itr::next (66 bytes)
Event: 0.634 Thread 0x000000001746d800 nmethod 475 0x0000000002aaf210 code [0x0000000002aaf3c0, 0x0000000002aaf868]
Event: 0.634 Thread 0x000000001746d800  476       3       java.util.ArrayList$Itr::checkForComodification (23 bytes)
Event: 0.634 Thread 0x000000001746d800 nmethod 476 0x0000000002aafad0 code [0x0000000002aafc40, 0x0000000002aafe68]
Event: 0.634 Thread 0x000000001746d800  477       3       java.util.ArrayList::iterator (10 bytes)
Event: 0.634 Thread 0x000000001746d800 nmethod 477 0x0000000002aaff50 code [0x0000000002ab00c0, 0x0000000002ab03b0]
Event: 0.645 Thread 0x000000001746d800  478       3       java.util.concurrent.locks.AbstractOwnableSynchronizer::setExclusiveOwnerThread (6 bytes)
Event: 0.645 Thread 0x000000001746d800 nmethod 478 0x0000000002ab0910 code [0x0000000002ab0a60, 0x0000000002ab0bd0]

GC Heap History (0 events):
No events

Deoptimization events (1 events):
Event: 0.363 Thread 0x00000000024de000 Uncommon trap: reason=null_check action=make_not_entrant pc=0x0000000002a303dc method=java.lang.String.equals(Ljava/lang/Object;)Z @ 8

Internal exceptions (10 events):
Event: 0.059 Thread 0x00000000024de000 Exception <a 'java/lang/NoSuchMethodError': Method sun.misc.Unsafe.prefetchRead(Ljava/lang/Object;J)V name or signature does not match> (0x00000000d5d07f90) thrown at [C:\re\workspace\8-2-build-windows-amd64-cygwin\jdk8u131\8869\hotspot\src\share\vm\prims
Event: 0.198 Thread 0x00000000024de000 Exception <a 'java/security/PrivilegedActionException'> (0x00000000d6045eb0) thrown at [C:\re\workspace\8-2-build-windows-amd64-cygwin\jdk8u131\8869\hotspot\src\share\vm\prims\jvm.cpp, line 1390]
Event: 0.198 Thread 0x00000000024de000 Exception <a 'java/security/PrivilegedActionException'> (0x00000000d60460c0) thrown at [C:\re\workspace\8-2-build-windows-amd64-cygwin\jdk8u131\8869\hotspot\src\share\vm\prims\jvm.cpp, line 1390]
Event: 0.199 Thread 0x00000000024de000 Exception <a 'java/security/PrivilegedActionException'> (0x00000000d6049fd0) thrown at [C:\re\workspace\8-2-build-windows-amd64-cygwin\jdk8u131\8869\hotspot\src\share\vm\prims\jvm.cpp, line 1390]
Event: 0.199 Thread 0x00000000024de000 Exception <a 'java/security/PrivilegedActionException'> (0x00000000d604a1e0) thrown at [C:\re\workspace\8-2-build-windows-amd64-cygwin\jdk8u131\8869\hotspot\src\share\vm\prims\jvm.cpp, line 1390]
Event: 0.204 Thread 0x00000000024de000 Exception <a 'java/io/FileNotFoundException'> (0x00000000d6052788) thrown at [C:\re\workspace\8-2-build-windows-amd64-cygwin\jdk8u131\8869\hotspot\src\share\vm\prims\jni.cpp, line 709]
Event: 0.260 Thread 0x00000000024de000 Exception <a 'java/lang/NoSuchFieldError': method resolution failed> (0x00000000d617e5f8) thrown at [C:\re\workspace\8-2-build-windows-amd64-cygwin\jdk8u131\8869\hotspot\src\share\vm\prims\methodHandles.cpp, line 1146]
Event: 0.263 Thread 0x00000000024de000 Exception <a 'java/lang/NoSuchFieldError': method resolution failed> (0x00000000d618c470) thrown at [C:\re\workspace\8-2-build-windows-amd64-cygwin\jdk8u131\8869\hotspot\src\share\vm\prims\methodHandles.cpp, line 1146]
Event: 0.338 Thread 0x00000000024de000 Exception <a 'java/io/FileNotFoundException'> (0x00000000d639a3c8) thrown at [C:\re\workspace\8-2-build-windows-amd64-cygwin\jdk8u131\8869\hotspot\src\share\vm\prims\jni.cpp, line 709]
Event: 0.363 Thread 0x00000000024de000 Implicit null exception at 0x0000000002a3021b to 0x0000000002a303cd

Events (10 events):
Event: 0.634 loading class sun/awt/TimedWindowEvent
Event: 0.634 loading class sun/awt/TimedWindowEvent done
Event: 0.635 loading class java/awt/SequencedEvent
Event: 0.635 loading class java/awt/SequencedEvent done
Event: 0.635 loading class java/awt/SequencedEvent$1
Event: 0.635 loading class sun/awt/AWTAccessor$SequencedEventAccessor
Event: 0.635 loading class sun/awt/AWTAccessor$SequencedEventAccessor done
Event: 0.635 loading class java/awt/SequencedEvent$1 done
Event: 0.645 loading class sun/awt/event/IgnorePaintEvent
Event: 0.645 loading class sun/awt/event/IgnorePaintEvent done


Dynamic libraries:
0x00007ff6f7420000 - 0x00007ff6f7457000 	C:\Program Files\Java\jdk1.8.0_131\bin\java.exe
0x00007ffa5f710000 - 0x00007ffa5f8eb000 	C:\WINDOWS\SYSTEM32\ntdll.dll
0x00007ffa5f280000 - 0x00007ffa5f32e000 	C:\WINDOWS\System32\KERNEL32.DLL
0x00007ffa5bc90000 - 0x00007ffa5bed9000 	C:\WINDOWS\System32\KERNELBASE.dll
0x00007ffa5ea10000 - 0x00007ffa5eab1000 	C:\WINDOWS\System32\ADVAPI32.dll
0x00007ffa5cdc0000 - 0x00007ffa5ce5d000 	C:\WINDOWS\System32\msvcrt.dll
0x00007ffa5cfb0000 - 0x00007ffa5d009000 	C:\WINDOWS\System32\sechost.dll
0x00007ffa5cc70000 - 0x00007ffa5cd95000 	C:\WINDOWS\System32\RPCRT4.dll
0x00007ffa5eac0000 - 0x00007ffa5ec0a000 	C:\WINDOWS\System32\USER32.dll
0x00007ffa5bfe0000 - 0x00007ffa5bffe000 	C:\WINDOWS\System32\win32u.dll
0x00007ffa5f0a0000 - 0x00007ffa5f0c7000 	C:\WINDOWS\System32\GDI32.dll
0x00007ffa5c8c0000 - 0x00007ffa5ca49000 	C:\WINDOWS\System32\gdi32full.dll
0x00007ffa5c820000 - 0x00007ffa5c8ba000 	C:\WINDOWS\System32\msvcp_win.dll
0x00007ffa5bee0000 - 0x00007ffa5bfd6000 	C:\WINDOWS\System32\ucrtbase.dll
0x00007ffa50340000 - 0x00007ffa505a7000 	C:\WINDOWS\WinSxS\amd64_microsoft.windows.common-controls_6595b64144ccf1df_6.0.15063.0_none_108e4f62dfe5d999\COMCTL32.dll
0x00007ffa5f410000 - 0x00007ffa5f709000 	C:\WINDOWS\System32\combase.dll
0x00007ffa5c000000 - 0x00007ffa5c06a000 	C:\WINDOWS\System32\bcryptPrimitives.dll
0x00007ffa5edb0000 - 0x00007ffa5eddd000 	C:\WINDOWS\System32\IMM32.DLL
0x000000005a400000 - 0x000000005a4d2000 	C:\Program Files\Java\jdk1.8.0_131\jre\bin\msvcr100.dll
0x0000000058d30000 - 0x00000000595cc000 	C:\Program Files\Java\jdk1.8.0_131\jre\bin\server\jvm.dll
0x00007ffa5e450000 - 0x00007ffa5e458000 	C:\WINDOWS\System32\PSAPI.DLL
0x00007ffa582b0000 - 0x00007ffa582b9000 	C:\WINDOWS\SYSTEM32\WSOCK32.dll
0x00007ffa5ee00000 - 0x00007ffa5ee6c000 	C:\WINDOWS\System32\WS2_32.dll
0x00007ffa59cd0000 - 0x00007ffa59cf3000 	C:\WINDOWS\SYSTEM32\WINMM.dll
0x00007ffa4b940000 - 0x00007ffa4b94a000 	C:\WINDOWS\SYSTEM32\VERSION.dll
0x00007ffa59b40000 - 0x00007ffa59b6b000 	C:\WINDOWS\SYSTEM32\WINMMBASE.dll
0x00007ffa5cc20000 - 0x00007ffa5cc69000 	C:\WINDOWS\System32\cfgmgr32.dll
0x000000005a3f0000 - 0x000000005a3ff000 	C:\Program Files\Java\jdk1.8.0_131\jre\bin\verify.dll
0x000000005a3c0000 - 0x000000005a3e9000 	C:\Program Files\Java\jdk1.8.0_131\jre\bin\java.dll
0x000000005a390000 - 0x000000005a3b3000 	C:\Program Files\Java\jdk1.8.0_131\jre\bin\instrument.dll
0x000000005a370000 - 0x000000005a386000 	C:\Program Files\Java\jdk1.8.0_131\jre\bin\zip.dll
0x00007ffa5d010000 - 0x00007ffa5e447000 	C:\WINDOWS\System32\SHELL32.dll
0x00007ffa5f0d0000 - 0x00007ffa5f17a000 	C:\WINDOWS\System32\shcore.dll
0x00007ffa5c070000 - 0x00007ffa5c762000 	C:\WINDOWS\System32\windows.storage.dll
0x00007ffa5f330000 - 0x00007ffa5f381000 	C:\WINDOWS\System32\shlwapi.dll
0x00007ffa5bc10000 - 0x00007ffa5bc21000 	C:\WINDOWS\System32\kernel.appcore.dll
0x00007ffa5bb80000 - 0x00007ffa5bbcc000 	C:\WINDOWS\System32\powrprof.dll
0x00007ffa5bbd0000 - 0x00007ffa5bbe5000 	C:\WINDOWS\System32\profapi.dll
0x00007ffa432b0000 - 0x00007ffa432ca000 	C:\Program Files (x86)\JetBrains\IntelliJ IDEA 2017.1\bin\breakgen64.dll
0x000000005a350000 - 0x000000005a36a000 	C:\Program Files\Java\jdk1.8.0_131\jre\bin\net.dll
0x00007ffa5b430000 - 0x00007ffa5b48c000 	C:\WINDOWS\system32\mswsock.dll
0x0000000058b90000 - 0x0000000058d28000 	C:\Program Files\Java\jdk1.8.0_131\jre\bin\awt.dll
0x00007ffa5eed0000 - 0x00007ffa5ef8f000 	C:\WINDOWS\System32\OLEAUT32.dll
0x00007ffa5a150000 - 0x00007ffa5a1ce000 	C:\WINDOWS\SYSTEM32\apphelp.dll
0x00007ffa5a2e0000 - 0x00007ffa5a375000 	C:\WINDOWS\system32\uxtheme.dll
0x00007ffa5e8a0000 - 0x00007ffa5ea06000 	C:\WINDOWS\System32\MSCTF.dll
0x00007ffa58b20000 - 0x00007ffa58b4a000 	C:\WINDOWS\system32\dwmapi.dll
0x00007ffa5ce60000 - 0x00007ffa5cfa5000 	C:\WINDOWS\System32\ole32.dll
0x00007ffa42980000 - 0x00007ffa42aa1000 	C:\WINDOWS\system32\opengl32.dll
0x00007ffa44270000 - 0x00007ffa4429c000 	C:\WINDOWS\SYSTEM32\GLU32.dll
0x000000005a330000 - 0x000000005a341000 	C:\Program Files\Java\jdk1.8.0_131\jre\bin\nio.dll
0x000000006bd40000 - 0x000000006bd63000 	C:\Users\gabri\AppData\Local\Temp\SerialPort.dll
0x0000000058b40000 - 0x0000000058b87000 	C:\Program Files\Java\jdk1.8.0_131\jre\bin\fontmanager.dll
0x0000000058af0000 - 0x0000000058b32000 	C:\Program Files\Java\jdk1.8.0_131\jre\bin\t2k.dll
0x00007ffa5f1e0000 - 0x00007ffa5f27e000 	C:\WINDOWS\System32\clbcatq.dll
0x00007ffa57b10000 - 0x00007ffa57cbc000 	C:\WINDOWS\SYSTEM32\WindowsCodecs.dll
0x00007ffa41d60000 - 0x00007ffa41da7000 	C:\WINDOWS\system32\dataexchange.dll
0x00007ffa59190000 - 0x00007ffa5946f000 	C:\WINDOWS\system32\d3d11.dll
0x00007ffa59b70000 - 0x00007ffa59c92000 	C:\WINDOWS\system32\dcomp.dll
0x00007ffa5a9f0000 - 0x00007ffa5aa94000 	C:\WINDOWS\system32\dxgi.dll
0x00007ffa5a5c0000 - 0x00007ffa5a730000 	C:\WINDOWS\system32\twinapi.appcore.dll
0x00007ffa5ba50000 - 0x00007ffa5ba75000 	C:\WINDOWS\system32\bcrypt.dll
0x00007ffa53cd0000 - 0x00007ffa53d52000 	C:\WINDOWS\System32\TextInputFramework.dll
0x00007ffa57720000 - 0x00007ffa579f2000 	C:\WINDOWS\System32\CoreUIComponents.dll
0x00007ffa59a50000 - 0x00007ffa59b33000 	C:\WINDOWS\System32\CoreMessaging.dll
0x00007ffa5ae80000 - 0x00007ffa5aeb1000 	C:\WINDOWS\SYSTEM32\ntmarta.dll
0x00007ffa58130000 - 0x00007ffa58269000 	C:\WINDOWS\SYSTEM32\wintypes.dll
0x00007ffa58850000 - 0x00007ffa58865000 	C:\WINDOWS\SYSTEM32\usermgrcli.dll
0x00007ffa57f80000 - 0x00007ffa58129000 	C:\WINDOWS\SYSTEM32\dbghelp.dll

VM Arguments:
jvm_args: -javaagent:C:\Program Files (x86)\JetBrains\IntelliJ IDEA 2017.1\lib\idea_rt.jar=50904:C:\Program Files (x86)\JetBrains\IntelliJ IDEA 2017.1\bin -Dfile.encoding=UTF-8 
java_command: org.p2f1.p2f1.Main
java_class_path (initial): C:\Users\gabri\git\Walkie-Textie\PhaseOne\JavaCode\bin;C:\Program Files\Java\jdk1.8.0_131\jre\lib\charsets.jar;C:\Program Files\Java\jdk1.8.0_131\jre\lib\deploy.jar;C:\Program Files\Java\jdk1.8.0_131\jre\lib\ext\access-bridge-64.jar;C:\Program Files\Java\jdk1.8.0_131\jre\lib\ext\cldrdata.jar;C:\Program Files\Java\jdk1.8.0_131\jre\lib\ext\dnsns.jar;C:\Program Files\Java\jdk1.8.0_131\jre\lib\ext\jaccess.jar;C:\Program Files\Java\jdk1.8.0_131\jre\lib\ext\jfxrt.jar;C:\Program Files\Java\jdk1.8.0_131\jre\lib\ext\localedata.jar;C:\Program Files\Java\jdk1.8.0_131\jre\lib\ext\nashorn.jar;C:\Program Files\Java\jdk1.8.0_131\jre\lib\ext\sunec.jar;C:\Program Files\Java\jdk1.8.0_131\jre\lib\ext\sunjce_provider.jar;C:\Program Files\Java\jdk1.8.0_131\jre\lib\ext\sunmscapi.jar;C:\Program Files\Java\jdk1.8.0_131\jre\lib\ext\sunpkcs11.jar;C:\Program Files\Java\jdk1.8.0_131\jre\lib\ext\zipfs.jar;C:\Program Files\Java\jdk1.8.0_131\jre\lib\javaws.jar;C:\Program Files\Java\jdk1.8.0_131\jre\lib\jce.jar;C:\Program Files\Java\jdk1.8.0_131\jre\lib\jfr.jar;C:\Program Files\Java\jdk1.8.0_131\jre\lib\jfxswt.jar;C:\Program Files\Java\jdk1.8.0_131\jre\lib\jsse.jar;C:\Program Files\Java\jdk1.8.0_131\jre\lib\management-agent.jar;C:\Program Files\Java\jdk1.8.0_131\jre\lib\plugin.jar;C:\Program Files\Java\jdk1.8.0_131\jre\lib\resources.jar;C:\Program Files\Java\jdk1.8.0_131\jre\lib\rt.jar;C:\Users\gabri\git\Walkie-Textie\PhaseOne\JavaCode\lib\SerialPort_1.7.jar;C:\Program Files (x86)\JetBrains\IntelliJ IDEA 2017.1\lib\idea_rt.jar
Launcher Type: SUN_STANDARD

Environment Variables:
PATH=C:\ProgramData\Oracle\Java\javapath;C:\WINDOWS\system32;C:\WINDOWS;C:\WINDOWS\System32\Wbem;C:\WINDOWS\System32\WindowsPowerShell\v1.0\;C:\Program Files\Git\cmd;C:\Program Files\OpenVPN\bin;C:\Program Files\PuTTY\;C:\Program Files (x86)\Microchip\xc16\v1.31\bin;C:\Users\gabri\AppData\Local\Microsoft\WindowsApps;
USERNAME=gabri
OS=Windows_NT
PROCESSOR_IDENTIFIER=Intel64 Family 6 Model 61 Stepping 4, GenuineIntel



---------------  S Y S T E M  ---------------

OS: Windows 10.0 , 64 bit Build 15063 (10.0.15063.296)

CPU:total 4 (initial active 4) (2 cores per cpu, 2 threads per core) family 6 model 61 stepping 4, cmov, cx8, fxsr, mmx, sse, sse2, sse3, ssse3, sse4.1, sse4.2, popcnt, avx, avx2, aes, clmul, erms, 3dnowpref, lzcnt, ht, tsc, tscinvbit, bmi1, bmi2, adx

Memory: 4k page, physical 8291020k(3337816k free), swap 9601740k(2132808k free)

vm_info: Java HotSpot(TM) 64-Bit Server VM (25.131-b11) for windows-amd64 JRE (1.8.0_131-b11), built on Mar 15 2017 01:23:53 by "java_re" with MS VC++ 10.0 (VS2010)

time: Sat May 20 12:15:55 2017
elapsed time: 0 seconds (0d 0h 0m 0s)

